To use retry middleware with Faraday v2.0+, install `faraday-retry` gem
[33m   GitHub Metadata: No GitHub API authentication could be found. Some fields may be missing or have incorrect data.[0m
D:/Ruby32-x64/lib/ruby/gems/3.2.0/gems/jekyll-3.10.0/lib/jekyll/convertible.rb:228:in `write': Permission denied @ rb_sysopen - E:/GitHub/deligentfool.github.io/_site/index.html (Errno::EACCES)
	from D:/Ruby32-x64/lib/ruby/gems/3.2.0/gems/jekyll-3.10.0/lib/jekyll/convertible.rb:228:in `write'
	from D:/Ruby32-x64/lib/ruby/gems/3.2.0/gems/jekyll-3.10.0/lib/jekyll/site.rb:209:in `block in write'
	from D:/Ruby32-x64/lib/ruby/gems/3.2.0/gems/jekyll-3.10.0/lib/jekyll/site.rb:332:in `block (2 levels) in each_site_file'
	from D:/Ruby32-x64/lib/ruby/gems/3.2.0/gems/jekyll-3.10.0/lib/jekyll/site.rb:331:in `each'
	from D:/Ruby32-x64/lib/ruby/gems/3.2.0/gems/jekyll-3.10.0/lib/jekyll/site.rb:331:in `block in each_site_file'
	from D:/Ruby32-x64/lib/ruby/gems/3.2.0/gems/jekyll-3.10.0/lib/jekyll/site.rb:330:in `each'
	from D:/Ruby32-x64/lib/ruby/gems/3.2.0/gems/jekyll-3.10.0/lib/jekyll/site.rb:330:in `each_site_file'
	from D:/Ruby32-x64/lib/ruby/gems/3.2.0/gems/jekyll-3.10.0/lib/jekyll/site.rb:208:in `write'
	from D:/Ruby32-x64/lib/ruby/gems/3.2.0/gems/jekyll-3.10.0/lib/jekyll/site.rb:73:in `process'
	from D:/Ruby32-x64/lib/ruby/gems/3.2.0/gems/jekyll-3.10.0/lib/jekyll/command.rb:28:in `process_site'
	from D:/Ruby32-x64/lib/ruby/gems/3.2.0/gems/jekyll-3.10.0/lib/jekyll/commands/build.rb:65:in `build'
	from D:/Ruby32-x64/lib/ruby/gems/3.2.0/gems/jekyll-3.10.0/lib/jekyll/commands/build.rb:36:in `process'
	from D:/Ruby32-x64/lib/ruby/gems/3.2.0/gems/jekyll-3.10.0/lib/jekyll/commands/serve.rb:93:in `block in start'
	from D:/Ruby32-x64/lib/ruby/gems/3.2.0/gems/jekyll-3.10.0/lib/jekyll/commands/serve.rb:93:in `each'
	from D:/Ruby32-x64/lib/ruby/gems/3.2.0/gems/jekyll-3.10.0/lib/jekyll/commands/serve.rb:93:in `start'
	from D:/Ruby32-x64/lib/ruby/gems/3.2.0/gems/jekyll-3.10.0/lib/jekyll/commands/serve.rb:75:in `block (2 levels) in init_with_program'
	from D:/Ruby32-x64/lib/ruby/gems/3.2.0/gems/mercenary-0.3.6/lib/mercenary/command.rb:220:in `block in execute'
	from D:/Ruby32-x64/lib/ruby/gems/3.2.0/gems/mercenary-0.3.6/lib/mercenary/command.rb:220:in `each'
	from D:/Ruby32-x64/lib/ruby/gems/3.2.0/gems/mercenary-0.3.6/lib/mercenary/command.rb:220:in `execute'
	from D:/Ruby32-x64/lib/ruby/gems/3.2.0/gems/mercenary-0.3.6/lib/mercenary/program.rb:42:in `go'
	from D:/Ruby32-x64/lib/ruby/gems/3.2.0/gems/mercenary-0.3.6/lib/mercenary.rb:19:in `program'
	from D:/Ruby32-x64/lib/ruby/gems/3.2.0/gems/jekyll-3.10.0/exe/jekyll:15:in `<top (required)>'
	from D:/Ruby32-x64/bin/jekyll:32:in `load'
	from D:/Ruby32-x64/bin/jekyll:32:in `<main>'
